<?xml version="1.0" encoding="UTF-8"?>
<testsuite name="ParticipantDirectoryTest" tests="4" skipped="0" failures="0" errors="0" timestamp="2024-08-15T07:14:22" hostname="Use" time="0.018">
  <properties/>
  <testcase name="getRosterByUsername_multipleParticipants_returnsSortedRoster()" classname="ParticipantDirectoryTest" time="0.012"/>
  <testcase name="getParticipantByID_multipleParticipants_returnsParticipant()" classname="ParticipantDirectoryTest" time="0.002"/>
  <testcase name="getRosterByID_multipleParticipants_returnsSortedRoster()" classname="ParticipantDirectoryTest" time="0.001"/>
  <testcase name="getParticipantByUsername_multipleParticipants_returnsParticipant()" classname="ParticipantDirectoryTest" time="0.001"/>
  <system-out><![CDATA[]]></system-out>
  <system-err><![CDATA[]]></system-err>
</testsuite>
